2026-02-26 11:56:04.927934: W tensorflow/compiler/tf2tensorrt/utils/py_utils.cc:38] TF-TRT Warning: Could not find TensorRT
wandb: Using wandb-core as the SDK backend. Please refer to https://wandb.me/wandb-core for more information.
wandb: Tracking run with wandb version 0.18.5
wandb: W&B syncing is set to `offline` in this directory.  
wandb: Run `wandb online` or set WANDB_MODE=online to enable cloud syncing.

[2026-02-26 11:56:07] Started training...
Pre-rendering tiles...
Pre-rendered 178 tiles
input_obs_shape (32, 11, 11, 11)
input_obs_shape (32, 11, 11, 11)
input_obs_shape (32, 11, 11, 11)
input_obs_shape (32, 11, 11, 11)
input_obs_shape (32, 11, 11, 11)
input_obs_shape (32, 11, 11, 11)
input_obs_shape (32, 11, 11, 11)
input_obs_shape (32, 11, 11, 11)
input_obs_shape (32, 11, 11, 11)
input_obs_shape (32, 11, 11, 11)

============================================================
Running evaluation at step 640000...
============================================================
Pre-rendering tiles...
Pre-rendered 178 tiles
  return: 79.31 ± 4.34
  sustainability: 496.99 ± 17.50
  equality: 0.73 ± 0.03
  peace: 7.26 ± 0.13

Skipping video generation for step 640000 (Only saved at final step).

============================================================
Running evaluation at step 1280000...
============================================================
Pre-rendering tiles...
Pre-rendered 178 tiles
  return: 97.15 ± 4.33
  sustainability: 484.55 ± 1.92
  equality: 0.78 ± 0.02
  peace: 7.08 ± 0.10

Skipping video generation for step 1280000 (Only saved at final step).

============================================================
Running evaluation at step 1920000...
============================================================
Pre-rendering tiles...
Pre-rendered 178 tiles
  return: 115.39 ± 9.44
  sustainability: 478.67 ± 19.54
  equality: 0.75 ± 0.03
  peace: 6.76 ± 0.13

Skipping video generation for step 1920000 (Only saved at final step).

============================================================
Running evaluation at step 2560000...
============================================================
Pre-rendering tiles...
Pre-rendered 178 tiles
  return: 115.63 ± 3.79
  sustainability: 466.46 ± 2.25
  equality: 0.75 ± 0.02
  peace: 6.54 ± 0.13

Skipping video generation for step 2560000 (Only saved at final step).

============================================================
Running evaluation at step 3200000...
============================================================
Pre-rendering tiles...
Pre-rendered 178 tiles
  return: 111.70 ± 9.00
  sustainability: 470.88 ± 12.95
  equality: 0.76 ± 0.03
  peace: 6.54 ± 0.16

Skipping video generation for step 3200000 (Only saved at final step).

============================================================
Running evaluation at step 3840000...
============================================================
Pre-rendering tiles...
Pre-rendered 178 tiles
  return: 109.18 ± 14.37
  sustainability: 435.00 ± 19.57
  equality: 0.73 ± 0.02
  peace: 6.63 ± 0.08

Skipping video generation for step 3840000 (Only saved at final step).

============================================================
Running evaluation at step 4480000...
============================================================
Pre-rendering tiles...
Pre-rendered 178 tiles
  return: 104.56 ± 10.11
  sustainability: 431.51 ± 31.10
  equality: 0.75 ± 0.03
  peace: 6.50 ± 0.22

Skipping video generation for step 4480000 (Only saved at final step).

============================================================
Running evaluation at step 5120000...
============================================================
Pre-rendering tiles...
Pre-rendered 178 tiles
  return: 102.01 ± 8.07
  sustainability: 414.73 ± 16.65
  equality: 0.73 ± 0.03
  peace: 6.48 ± 0.13

Skipping video generation for step 5120000 (Only saved at final step).

============================================================
Running evaluation at step 5760000...
============================================================
Pre-rendering tiles...
Pre-rendered 178 tiles
  return: 105.58 ± 11.22
  sustainability: 432.64 ± 45.04
  equality: 0.71 ± 0.03
  peace: 6.37 ± 0.13

Skipping video generation for step 5760000 (Only saved at final step).

============================================================
Running evaluation at step 6400000...
============================================================
Pre-rendering tiles...
Pre-rendered 178 tiles
  return: 100.33 ± 15.97
  sustainability: 405.53 ± 54.71
  equality: 0.74 ± 0.03
  peace: 6.49 ± 0.14

Skipping video generation for step 6400000 (Only saved at final step).

============================================================
Running evaluation at step 7040000...
============================================================
Pre-rendering tiles...
Pre-rendered 178 tiles
  return: 104.33 ± 11.89
  sustainability: 416.10 ± 47.40
  equality: 0.71 ± 0.01
  peace: 6.37 ± 0.20

Skipping video generation for step 7040000 (Only saved at final step).

============================================================
Running evaluation at step 7680000...
============================================================
Pre-rendering tiles...
Pre-rendered 178 tiles
  return: 85.36 ± 13.77
  sustainability: 357.86 ± 49.39
  equality: 0.72 ± 0.03
  peace: 6.45 ± 0.15

Skipping video generation for step 7680000 (Only saved at final step).

============================================================
Running evaluation at step 8320000...
============================================================
Pre-rendering tiles...
Pre-rendered 178 tiles
  return: 108.20 ± 17.50
  sustainability: 427.66 ± 52.12
  equality: 0.74 ± 0.03
  peace: 6.45 ± 0.06

Skipping video generation for step 8320000 (Only saved at final step).

============================================================
Running evaluation at step 8960000...
============================================================
Pre-rendering tiles...
Pre-rendered 178 tiles
  return: 78.41 ± 16.79
  sustainability: 329.28 ± 47.11
  equality: 0.76 ± 0.02
  peace: 6.58 ± 0.15

Skipping video generation for step 8960000 (Only saved at final step).

============================================================
Running evaluation at step 9600000...
============================================================
Pre-rendering tiles...
Pre-rendered 178 tiles
  return: 75.89 ± 12.39
  sustainability: 341.08 ± 62.95
  equality: 0.73 ± 0.04
  peace: 6.62 ± 0.15

Skipping video generation for step 9600000 (Only saved at final step).

============================================================
Running evaluation at step 10240000...
============================================================
Pre-rendering tiles...
Pre-rendered 178 tiles
  return: 83.45 ± 19.89
  sustainability: 332.97 ± 79.91
  equality: 0.73 ± 0.03
  peace: 6.52 ± 0.14

Skipping video generation for step 10240000 (Only saved at final step).

============================================================
Running evaluation at step 10880000...
============================================================
Pre-rendering tiles...
Pre-rendered 178 tiles
  return: 72.87 ± 24.37
  sustainability: 292.53 ± 103.66
  equality: 0.70 ± 0.02
  peace: 6.71 ± 0.20

Skipping video generation for step 10880000 (Only saved at final step).

============================================================
Running evaluation at step 11520000...
============================================================
Pre-rendering tiles...
Pre-rendered 178 tiles
  return: 72.78 ± 23.23
  sustainability: 286.65 ± 74.78
  equality: 0.70 ± 0.02
  peace: 6.46 ± 0.13

Skipping video generation for step 11520000 (Only saved at final step).

============================================================
Running evaluation at step 12160000...
============================================================
Pre-rendering tiles...
Pre-rendered 178 tiles
  return: 64.42 ± 20.02
  sustainability: 274.61 ± 105.92
  equality: 0.73 ± 0.03
  peace: 6.51 ± 0.22

Skipping video generation for step 12160000 (Only saved at final step).

============================================================
Running evaluation at step 12800000...
============================================================
Pre-rendering tiles...
Pre-rendered 178 tiles
  return: 86.06 ± 17.33
  sustainability: 356.08 ± 66.81
  equality: 0.71 ± 0.02
  peace: 6.56 ± 0.09

Skipping video generation for step 12800000 (Only saved at final step).

============================================================
Running evaluation at step 13440000...
============================================================
Pre-rendering tiles...
Pre-rendered 178 tiles
  return: 67.12 ± 8.50
  sustainability: 297.31 ± 59.55
  equality: 0.72 ± 0.04
  peace: 6.61 ± 0.17

Skipping video generation for step 13440000 (Only saved at final step).

============================================================
Running evaluation at step 14080000...
============================================================
Pre-rendering tiles...
Pre-rendered 178 tiles
  return: 63.02 ± 10.29
  sustainability: 263.36 ± 52.08
  equality: 0.76 ± 0.03
  peace: 6.63 ± 0.18

Skipping video generation for step 14080000 (Only saved at final step).

============================================================
Running evaluation at step 14720000...
============================================================
Pre-rendering tiles...
Pre-rendered 178 tiles
  return: 75.95 ± 18.51
  sustainability: 325.37 ± 65.41
  equality: 0.71 ± 0.04
  peace: 6.38 ± 0.13

Skipping video generation for step 14720000 (Only saved at final step).

============================================================
Running evaluation at step 15360000...
============================================================
Pre-rendering tiles...
Pre-rendered 178 tiles
  return: 62.52 ± 15.91
  sustainability: 256.50 ± 68.52
  equality: 0.74 ± 0.04
  peace: 6.51 ± 0.18

Skipping video generation for step 15360000 (Only saved at final step).

============================================================
Running evaluation at step 16000000...
============================================================
Pre-rendering tiles...
Pre-rendered 178 tiles
  return: 64.23 ± 15.54
  sustainability: 279.85 ± 72.30
  equality: 0.69 ± 0.04
  peace: 6.41 ± 0.24

Skipping video generation for step 16000000 (Only saved at final step).

============================================================
Running evaluation at step 16640000...
============================================================
Pre-rendering tiles...
Pre-rendered 178 tiles
  return: 61.37 ± 17.76
  sustainability: 253.25 ± 78.45
  equality: 0.69 ± 0.03
  peace: 6.54 ± 0.18

Skipping video generation for step 16640000 (Only saved at final step).

============================================================
Running evaluation at step 17280000...
============================================================
Pre-rendering tiles...
Pre-rendered 178 tiles
  return: 67.05 ± 10.07
  sustainability: 294.30 ± 68.60
  equality: 0.70 ± 0.04
  peace: 6.51 ± 0.17

Skipping video generation for step 17280000 (Only saved at final step).

============================================================
Running evaluation at step 17920000...
============================================================
Pre-rendering tiles...
Pre-rendered 178 tiles
  return: 59.70 ± 14.81
  sustainability: 234.17 ± 59.71
  equality: 0.74 ± 0.05
  peace: 6.57 ± 0.19

Skipping video generation for step 17920000 (Only saved at final step).

============================================================
Running evaluation at step 18560000...
============================================================
Pre-rendering tiles...
Pre-rendered 178 tiles
  return: 60.63 ± 18.01
  sustainability: 254.75 ± 84.46
  equality: 0.73 ± 0.03
  peace: 6.57 ± 0.17

Skipping video generation for step 18560000 (Only saved at final step).

============================================================
Running evaluation at step 19200000...
============================================================
Pre-rendering tiles...
Pre-rendered 178 tiles
  return: 77.18 ± 18.51
  sustainability: 323.63 ± 72.62
  equality: 0.75 ± 0.02
  peace: 6.32 ± 0.15

Skipping video generation for step 19200000 (Only saved at final step).

============================================================
Running evaluation at step 19840000...
============================================================
Pre-rendering tiles...
Pre-rendered 178 tiles
  return: 72.01 ± 20.86
  sustainability: 310.60 ± 80.82
  equality: 0.76 ± 0.04
  peace: 6.44 ± 0.18

Skipping video generation for step 19840000 (Only saved at final step).

============================================================
Running evaluation at step 20480000...
============================================================
Pre-rendering tiles...
Pre-rendered 178 tiles
  return: 50.37 ± 5.85
  sustainability: 194.65 ± 16.50
  equality: 0.70 ± 0.02
  peace: 6.57 ± 0.06

Skipping video generation for step 20480000 (Only saved at final step).

============================================================
Running evaluation at step 21120000...
============================================================
Pre-rendering tiles...
Pre-rendered 178 tiles
  return: 76.10 ± 20.16
  sustainability: 299.47 ± 85.42
  equality: 0.72 ± 0.02
  peace: 6.42 ± 0.13

Skipping video generation for step 21120000 (Only saved at final step).

============================================================
Running evaluation at step 21760000...
============================================================
Pre-rendering tiles...
Pre-rendered 178 tiles
  return: 62.27 ± 14.55
  sustainability: 260.42 ± 64.65
  equality: 0.71 ± 0.04
  peace: 6.49 ± 0.15

Skipping video generation for step 21760000 (Only saved at final step).

============================================================
Running evaluation at step 22400000...
============================================================
Pre-rendering tiles...
Pre-rendered 178 tiles
  return: 65.95 ± 9.45
  sustainability: 302.54 ± 52.77
  equality: 0.75 ± 0.05
  peace: 6.42 ± 0.15

Skipping video generation for step 22400000 (Only saved at final step).

============================================================
Running evaluation at step 23040000...
============================================================
Pre-rendering tiles...
Pre-rendered 178 tiles
  return: 71.10 ± 21.03
  sustainability: 286.31 ± 78.69
  equality: 0.73 ± 0.05
  peace: 6.46 ± 0.27

Skipping video generation for step 23040000 (Only saved at final step).

============================================================
Running evaluation at step 23680000...
============================================================
Pre-rendering tiles...
Pre-rendered 178 tiles
  return: 86.11 ± 10.83
  sustainability: 373.59 ± 23.91
  equality: 0.75 ± 0.03
  peace: 6.12 ± 0.13

Skipping video generation for step 23680000 (Only saved at final step).

============================================================
Running evaluation at step 24320000...
============================================================
Pre-rendering tiles...
Pre-rendered 178 tiles
  return: 65.26 ± 10.58
  sustainability: 267.28 ± 52.90
  equality: 0.70 ± 0.04
  peace: 6.47 ± 0.14

Skipping video generation for step 24320000 (Only saved at final step).

============================================================
Running evaluation at step 24960000...
============================================================
Pre-rendering tiles...
Pre-rendered 178 tiles
  return: 61.97 ± 15.85
  sustainability: 264.39 ± 60.90
  equality: 0.72 ± 0.04
  peace: 6.33 ± 0.19

Skipping video generation for step 24960000 (Only saved at final step).

============================================================
Running evaluation at step 25600000...
============================================================
Pre-rendering tiles...
Pre-rendered 178 tiles
  return: 69.89 ± 22.07
  sustainability: 289.62 ± 90.54
  equality: 0.74 ± 0.05
  peace: 6.12 ± 0.30

Skipping video generation for step 25600000 (Only saved at final step).

============================================================
Running evaluation at step 26240000...
============================================================
Pre-rendering tiles...
Pre-rendered 178 tiles
  return: 73.43 ± 14.15
  sustainability: 317.02 ± 47.65
  equality: 0.76 ± 0.05
  peace: 6.19 ± 0.16

Skipping video generation for step 26240000 (Only saved at final step).

============================================================
Running evaluation at step 26880000...
============================================================
Pre-rendering tiles...
Pre-rendered 178 tiles
  return: 62.27 ± 12.51
  sustainability: 284.11 ± 61.28
  equality: 0.74 ± 0.03
  peace: 6.21 ± 0.24

Skipping video generation for step 26880000 (Only saved at final step).

============================================================
Running evaluation at step 27520000...
============================================================
Pre-rendering tiles...
Pre-rendered 178 tiles
  return: 77.33 ± 24.85
  sustainability: 336.07 ± 103.38
  equality: 0.76 ± 0.03
  peace: 6.05 ± 0.23

Skipping video generation for step 27520000 (Only saved at final step).

============================================================
Running evaluation at step 28160000...
============================================================
Pre-rendering tiles...
Pre-rendered 178 tiles
  return: 67.32 ± 14.16
  sustainability: 286.06 ± 67.64
  equality: 0.76 ± 0.05
  peace: 6.14 ± 0.11

Skipping video generation for step 28160000 (Only saved at final step).

============================================================
Running evaluation at step 28800000...
============================================================
Pre-rendering tiles...
Pre-rendered 178 tiles
  return: 74.22 ± 21.17
  sustainability: 317.18 ± 95.02
  equality: 0.76 ± 0.01
  peace: 6.04 ± 0.29

Skipping video generation for step 28800000 (Only saved at final step).

============================================================
Running evaluation at step 29440000...
============================================================
Pre-rendering tiles...
Pre-rendered 178 tiles
  return: 66.04 ± 17.56
  sustainability: 290.77 ± 71.14
  equality: 0.76 ± 0.03
  peace: 6.29 ± 0.24

Skipping video generation for step 29440000 (Only saved at final step).

============================================================
Running evaluation at step 30080000...
============================================================
Pre-rendering tiles...
Pre-rendered 178 tiles
  return: 65.24 ± 14.15
  sustainability: 276.14 ± 48.54
  equality: 0.75 ± 0.04
  peace: 6.10 ± 0.20

Skipping video generation for step 30080000 (Only saved at final step).

============================================================
Running evaluation at step 30720000...
============================================================
Pre-rendering tiles...
Pre-rendered 178 tiles
  return: 86.68 ± 18.25
  sustainability: 375.68 ± 80.35
  equality: 0.77 ± 0.03
  peace: 5.97 ± 0.22

Skipping video generation for step 30720000 (Only saved at final step).

============================================================
Running evaluation at step 31360000...
============================================================
Pre-rendering tiles...
Pre-rendered 178 tiles
  return: 78.95 ± 17.60
  sustainability: 341.10 ± 92.17
  equality: 0.76 ± 0.02
  peace: 6.04 ± 0.24

Skipping video generation for step 31360000 (Only saved at final step).

============================================================
Running evaluation at step 32000000...
============================================================
Pre-rendering tiles...
Pre-rendered 178 tiles
  return: 65.60 ± 29.44
  sustainability: 289.48 ± 105.14
  equality: 0.73 ± 0.03
  peace: 6.16 ± 0.15

Skipping video generation for step 32000000 (Only saved at final step).

============================================================
Running evaluation at step 32640000...
============================================================
Pre-rendering tiles...
Pre-rendered 178 tiles
  return: 68.77 ± 19.60
  sustainability: 307.34 ± 79.85
  equality: 0.76 ± 0.03
  peace: 6.07 ± 0.32

Skipping video generation for step 32640000 (Only saved at final step).

============================================================
Running evaluation at step 33280000...
============================================================
Pre-rendering tiles...
Pre-rendered 178 tiles
  return: 69.76 ± 14.71
  sustainability: 330.32 ± 76.44
  equality: 0.77 ± 0.02
  peace: 6.09 ± 0.28

Skipping video generation for step 33280000 (Only saved at final step).

============================================================
Running evaluation at step 33920000...
============================================================
Pre-rendering tiles...
Pre-rendered 178 tiles
  return: 82.47 ± 15.55
  sustainability: 344.96 ± 58.17
  equality: 0.75 ± 0.01
  peace: 6.00 ± 0.14

Skipping video generation for step 33920000 (Only saved at final step).

============================================================
Running evaluation at step 34560000...
============================================================
Pre-rendering tiles...
Pre-rendered 178 tiles
  return: 58.01 ± 11.25
  sustainability: 246.30 ± 65.82
  equality: 0.72 ± 0.04
  peace: 6.16 ± 0.21

Skipping video generation for step 34560000 (Only saved at final step).

============================================================
Running evaluation at step 35200000...
============================================================
Pre-rendering tiles...
Pre-rendered 178 tiles
  return: 73.84 ± 22.11
  sustainability: 306.98 ± 68.11
  equality: 0.74 ± 0.05
  peace: 5.98 ± 0.21

Skipping video generation for step 35200000 (Only saved at final step).

============================================================
Running evaluation at step 35840000...
============================================================
Pre-rendering tiles...
Pre-rendered 178 tiles
  return: 67.06 ± 14.04
  sustainability: 290.92 ± 43.00
  equality: 0.75 ± 0.05
  peace: 6.08 ± 0.11

Skipping video generation for step 35840000 (Only saved at final step).

============================================================
Running evaluation at step 36480000...
============================================================
Pre-rendering tiles...
Pre-rendered 178 tiles
  return: 68.05 ± 32.03
  sustainability: 278.12 ± 106.05
  equality: 0.72 ± 0.02
  peace: 6.09 ± 0.25

Skipping video generation for step 36480000 (Only saved at final step).

============================================================
Running evaluation at step 37120000...
============================================================
Pre-rendering tiles...
Pre-rendered 178 tiles
  return: 77.05 ± 16.84
  sustainability: 347.45 ± 54.41
  equality: 0.74 ± 0.02
  peace: 5.98 ± 0.22

Skipping video generation for step 37120000 (Only saved at final step).

============================================================
Running evaluation at step 37760000...
============================================================
Pre-rendering tiles...
Pre-rendered 178 tiles
  return: 67.21 ± 20.43
  sustainability: 301.37 ± 101.11
  equality: 0.77 ± 0.03
  peace: 6.21 ± 0.30

Skipping video generation for step 37760000 (Only saved at final step).

============================================================
Running evaluation at step 38400000...
============================================================
Pre-rendering tiles...
Pre-rendered 178 tiles
  return: 74.41 ± 15.58
  sustainability: 358.58 ± 58.22
  equality: 0.75 ± 0.03
  peace: 5.86 ± 0.06

Skipping video generation for step 38400000 (Only saved at final step).

============================================================
Running evaluation at step 39040000...
============================================================
Pre-rendering tiles...
Pre-rendered 178 tiles
  return: 69.81 ± 19.22
  sustainability: 307.26 ± 68.41
  equality: 0.70 ± 0.03
  peace: 6.01 ± 0.22

Skipping video generation for step 39040000 (Only saved at final step).

============================================================
Running evaluation at step 39680000...
============================================================
Pre-rendering tiles...
Pre-rendered 178 tiles
  return: 68.17 ± 18.21
  sustainability: 317.78 ± 79.09
  equality: 0.76 ± 0.04
  peace: 5.92 ± 0.19

Skipping video generation for step 39680000 (Only saved at final step).

============================================================
Running evaluation at step 40320000...
============================================================
Pre-rendering tiles...
Pre-rendered 178 tiles
  return: 80.14 ± 21.75
  sustainability: 326.70 ± 87.37
  equality: 0.72 ± 0.05
  peace: 5.93 ± 0.30

Skipping video generation for step 40320000 (Only saved at final step).

============================================================
Running evaluation at step 40960000...
============================================================
Pre-rendering tiles...
Pre-rendered 178 tiles
  return: 77.28 ± 17.32
  sustainability: 324.29 ± 89.91
  equality: 0.74 ± 0.05
  peace: 5.84 ± 0.25

Skipping video generation for step 40960000 (Only saved at final step).

============================================================
Running evaluation at step 41600000...
============================================================
Pre-rendering tiles...
Pre-rendered 178 tiles
  return: 75.30 ± 22.67
  sustainability: 329.51 ± 93.65
  equality: 0.75 ± 0.03
  peace: 5.89 ± 0.25

Skipping video generation for step 41600000 (Only saved at final step).

============================================================
Running evaluation at step 42240000...
============================================================
Pre-rendering tiles...
Pre-rendered 178 tiles
  return: 83.61 ± 9.18
  sustainability: 352.05 ± 37.50
  equality: 0.75 ± 0.04
  peace: 5.96 ± 0.20

Skipping video generation for step 42240000 (Only saved at final step).

============================================================
Running evaluation at step 42880000...
============================================================
Pre-rendering tiles...
Pre-rendered 178 tiles
  return: 86.33 ± 24.62
  sustainability: 354.05 ± 71.31
  equality: 0.76 ± 0.04
  peace: 5.82 ± 0.20

Skipping video generation for step 42880000 (Only saved at final step).

============================================================
Running evaluation at step 43520000...
============================================================
Pre-rendering tiles...
Pre-rendered 178 tiles
  return: 74.84 ± 14.30
  sustainability: 360.17 ± 54.86
  equality: 0.76 ± 0.02
  peace: 5.85 ± 0.10

Skipping video generation for step 43520000 (Only saved at final step).

============================================================
Running evaluation at step 44160000...
============================================================
Pre-rendering tiles...
Pre-rendered 178 tiles
  return: 78.87 ± 19.91
  sustainability: 346.36 ± 76.29
  equality: 0.73 ± 0.06
  peace: 5.89 ± 0.27

Skipping video generation for step 44160000 (Only saved at final step).

============================================================
Running evaluation at step 44800000...
============================================================
Pre-rendering tiles...
Pre-rendered 178 tiles
  return: 81.10 ± 8.21
  sustainability: 335.13 ± 46.08
  equality: 0.74 ± 0.05
  peace: 5.95 ± 0.10

Skipping video generation for step 44800000 (Only saved at final step).

============================================================
Running evaluation at step 45440000...
============================================================
Pre-rendering tiles...
Pre-rendered 178 tiles
  return: 71.13 ± 13.40
  sustainability: 298.52 ± 67.93
  equality: 0.75 ± 0.05
  peace: 6.09 ± 0.14

Skipping video generation for step 45440000 (Only saved at final step).

============================================================
Running evaluation at step 46080000...
============================================================
Pre-rendering tiles...
Pre-rendered 178 tiles
  return: 78.04 ± 19.37
  sustainability: 318.61 ± 89.28
  equality: 0.71 ± 0.03
  peace: 5.95 ± 0.19

Skipping video generation for step 46080000 (Only saved at final step).

============================================================
Running evaluation at step 46720000...
============================================================
Pre-rendering tiles...
Pre-rendered 178 tiles
  return: 56.26 ± 10.46
  sustainability: 248.01 ± 35.69
  equality: 0.72 ± 0.07
  peace: 6.16 ± 0.13

Skipping video generation for step 46720000 (Only saved at final step).

============================================================
Running evaluation at step 47360000...
============================================================
Pre-rendering tiles...
Pre-rendered 178 tiles
  return: 70.93 ± 9.52
  sustainability: 327.61 ± 53.63
  equality: 0.78 ± 0.03
  peace: 5.93 ± 0.08

Skipping video generation for step 47360000 (Only saved at final step).

============================================================
Running evaluation at step 48000000...
============================================================
Pre-rendering tiles...
Pre-rendered 178 tiles
  return: 80.03 ± 14.74
  sustainability: 358.77 ± 45.63
  equality: 0.76 ± 0.03
  peace: 5.69 ± 0.19

Skipping video generation for step 48000000 (Only saved at final step).

============================================================
Running evaluation at step 48640000...
============================================================
Pre-rendering tiles...
Pre-rendered 178 tiles
  return: 63.22 ± 16.57
  sustainability: 288.10 ± 90.02
  equality: 0.72 ± 0.04
  peace: 5.97 ± 0.31

Skipping video generation for step 48640000 (Only saved at final step).

============================================================
Running evaluation at step 49280000...
============================================================
Pre-rendering tiles...
Pre-rendered 178 tiles
  return: 68.61 ± 19.23
  sustainability: 284.75 ± 73.09
  equality: 0.71 ± 0.04
  peace: 6.01 ± 0.10

Skipping video generation for step 49280000 (Only saved at final step).

============================================================
Running evaluation at step 49920000...
============================================================
Pre-rendering tiles...
Pre-rendered 178 tiles
  return: 64.80 ± 20.04
  sustainability: 283.11 ± 101.86
  equality: 0.71 ± 0.03
  peace: 6.04 ± 0.45

Skipping video generation for step 49920000 (Only saved at final step).

============================================================
Running evaluation at step 50560000...
============================================================
Pre-rendering tiles...
Pre-rendered 178 tiles
  return: 70.06 ± 20.48
  sustainability: 306.78 ± 76.86
  equality: 0.74 ± 0.04
  peace: 5.97 ± 0.31

Skipping video generation for step 50560000 (Only saved at final step).

============================================================
Running evaluation at step 51200000...
============================================================
Pre-rendering tiles...
Pre-rendered 178 tiles
  return: 87.80 ± 22.75
  sustainability: 358.26 ± 56.78
  equality: 0.74 ± 0.04
  peace: 5.73 ± 0.14

Skipping video generation for step 51200000 (Only saved at final step).

============================================================
Running evaluation at step 51840000...
============================================================
Pre-rendering tiles...
Pre-rendered 178 tiles
  return: 76.62 ± 26.68
  sustainability: 337.14 ± 111.17
  equality: 0.70 ± 0.04
  peace: 5.89 ± 0.27

Skipping video generation for step 51840000 (Only saved at final step).

============================================================
Running evaluation at step 52480000...
============================================================
Pre-rendering tiles...
Pre-rendered 178 tiles
  return: 79.23 ± 9.32
  sustainability: 342.89 ± 44.71
  equality: 0.71 ± 0.04
  peace: 5.73 ± 0.23

Skipping video generation for step 52480000 (Only saved at final step).

============================================================
Running evaluation at step 53120000...
============================================================
Pre-rendering tiles...
Pre-rendered 178 tiles
  return: 68.57 ± 20.26
  sustainability: 285.27 ± 76.30
  equality: 0.73 ± 0.05
  peace: 6.03 ± 0.31

Skipping video generation for step 53120000 (Only saved at final step).

============================================================
Running evaluation at step 53760000...
============================================================
Pre-rendering tiles...
Pre-rendered 178 tiles
  return: 80.63 ± 20.34
  sustainability: 336.41 ± 65.48
  equality: 0.73 ± 0.05
  peace: 5.85 ± 0.09

Skipping video generation for step 53760000 (Only saved at final step).

============================================================
Running evaluation at step 54400000...
============================================================
Pre-rendering tiles...
Pre-rendered 178 tiles
  return: 84.95 ± 21.50
  sustainability: 338.10 ± 77.97
  equality: 0.74 ± 0.03
  peace: 5.74 ± 0.20

Skipping video generation for step 54400000 (Only saved at final step).

============================================================
Running evaluation at step 55040000...
============================================================
Pre-rendering tiles...
Pre-rendered 178 tiles
  return: 77.60 ± 5.25
  sustainability: 354.40 ± 43.60
  equality: 0.79 ± 0.04
  peace: 5.69 ± 0.10

Skipping video generation for step 55040000 (Only saved at final step).

============================================================
Running evaluation at step 55680000...
============================================================
Pre-rendering tiles...
Pre-rendered 178 tiles
  return: 63.63 ± 20.32
  sustainability: 262.27 ± 75.99
  equality: 0.70 ± 0.02
  peace: 6.05 ± 0.20

Skipping video generation for step 55680000 (Only saved at final step).

============================================================
Running evaluation at step 56320000...
============================================================
Pre-rendering tiles...
Pre-rendered 178 tiles
  return: 64.17 ± 19.84
  sustainability: 261.94 ± 90.04
  equality: 0.74 ± 0.04
  peace: 6.02 ± 0.30

Skipping video generation for step 56320000 (Only saved at final step).

============================================================
Running evaluation at step 56960000...
============================================================
Pre-rendering tiles...
Pre-rendered 178 tiles
  return: 84.55 ± 33.27
  sustainability: 321.69 ± 108.40
  equality: 0.73 ± 0.03
  peace: 5.86 ± 0.31

Skipping video generation for step 56960000 (Only saved at final step).

============================================================
Running evaluation at step 57600000...
============================================================
Pre-rendering tiles...
Pre-rendered 178 tiles
  return: 80.80 ± 7.01
  sustainability: 346.09 ± 22.13
  equality: 0.73 ± 0.04
  peace: 5.93 ± 0.23

Skipping video generation for step 57600000 (Only saved at final step).

============================================================
Running evaluation at step 58240000...
============================================================
Pre-rendering tiles...
Pre-rendered 178 tiles
  return: 71.86 ± 9.06
  sustainability: 340.64 ± 48.01
  equality: 0.76 ± 0.03
  peace: 5.80 ± 0.10

Skipping video generation for step 58240000 (Only saved at final step).

============================================================
Running evaluation at step 58880000...
============================================================
Pre-rendering tiles...
Pre-rendered 178 tiles
  return: 61.70 ± 14.25
  sustainability: 277.63 ± 85.52
  equality: 0.72 ± 0.05
  peace: 5.91 ± 0.22

Skipping video generation for step 58880000 (Only saved at final step).

============================================================
Running evaluation at step 59520000...
============================================================
Pre-rendering tiles...
Pre-rendered 178 tiles
  return: 73.11 ± 14.34
  sustainability: 322.20 ± 81.12
  equality: 0.72 ± 0.05
  peace: 5.88 ± 0.17

Skipping video generation for step 59520000 (Only saved at final step).

============================================================
Running evaluation at step 60160000...
============================================================
Pre-rendering tiles...
Pre-rendered 178 tiles
  return: 82.00 ± 14.09
  sustainability: 355.15 ± 64.52
  equality: 0.75 ± 0.05
  peace: 5.92 ± 0.12

Skipping video generation for step 60160000 (Only saved at final step).

============================================================
Running evaluation at step 60800000...
============================================================
Pre-rendering tiles...
Pre-rendered 178 tiles
  return: 72.40 ± 13.80
  sustainability: 307.81 ± 66.71
  equality: 0.70 ± 0.03
  peace: 5.82 ± 0.14

Skipping video generation for step 60800000 (Only saved at final step).

============================================================
Running evaluation at step 61440000...
============================================================
Pre-rendering tiles...
Pre-rendered 178 tiles
  return: 75.32 ± 19.27
  sustainability: 322.61 ± 81.44
  equality: 0.73 ± 0.05
  peace: 5.82 ± 0.25

Skipping video generation for step 61440000 (Only saved at final step).

============================================================
Running evaluation at step 62080000...
============================================================
Pre-rendering tiles...
Pre-rendered 178 tiles
  return: 75.59 ± 24.01
  sustainability: 329.87 ± 90.23
  equality: 0.72 ± 0.04
  peace: 5.87 ± 0.23

Skipping video generation for step 62080000 (Only saved at final step).

============================================================
Running evaluation at step 62720000...
============================================================
Pre-rendering tiles...
Pre-rendered 178 tiles
  return: 74.67 ± 12.70
  sustainability: 335.90 ± 73.19
  equality: 0.75 ± 0.03
  peace: 5.90 ± 0.20

Skipping video generation for step 62720000 (Only saved at final step).

============================================================
Running evaluation at step 63360000...
============================================================
Pre-rendering tiles...
Pre-rendered 178 tiles
  return: 94.18 ± 12.84
  sustainability: 386.22 ± 59.27
  equality: 0.75 ± 0.02
  peace: 5.58 ± 0.23

Skipping video generation for step 63360000 (Only saved at final step).

============================================================
Running evaluation at step 64000000...
============================================================
Pre-rendering tiles...
Pre-rendered 178 tiles
  return: 87.79 ± 12.93
  sustainability: 393.00 ± 39.72
  equality: 0.74 ± 0.03
  peace: 5.67 ± 0.14

Skipping video generation for step 64000000 (Only saved at final step).

============================================================
Running evaluation at step 64640000...
============================================================
Pre-rendering tiles...
Pre-rendered 178 tiles
  return: 97.36 ± 10.55
  sustainability: 401.91 ± 30.94
  equality: 0.75 ± 0.04
  peace: 5.63 ± 0.10

Skipping video generation for step 64640000 (Only saved at final step).

============================================================
Running evaluation at step 65280000...
============================================================
Pre-rendering tiles...
Pre-rendered 178 tiles
  return: 78.94 ± 22.86
  sustainability: 347.50 ± 73.98
  equality: 0.75 ± 0.02
  peace: 5.77 ± 0.39

Skipping video generation for step 65280000 (Only saved at final step).

============================================================
Running evaluation at step 65920000...
============================================================
Pre-rendering tiles...
Pre-rendered 178 tiles
  return: 87.55 ± 23.61
  sustainability: 374.18 ± 96.09
  equality: 0.76 ± 0.03
  peace: 5.77 ± 0.27

Skipping video generation for step 65920000 (Only saved at final step).

============================================================
Running evaluation at step 66560000...
============================================================
Pre-rendering tiles...
Pre-rendered 178 tiles
  return: 74.55 ± 27.63
  sustainability: 324.24 ± 108.44
  equality: 0.75 ± 0.06
  peace: 5.78 ± 0.30

Skipping video generation for step 66560000 (Only saved at final step).

============================================================
Running evaluation at step 67200000...
============================================================
Pre-rendering tiles...
Pre-rendered 178 tiles
  return: 100.18 ± 17.12
  sustainability: 405.66 ± 63.76
  equality: 0.72 ± 0.02
  peace: 5.58 ± 0.21

Skipping video generation for step 67200000 (Only saved at final step).

============================================================
Running evaluation at step 67840000...
============================================================
Pre-rendering tiles...
Pre-rendered 178 tiles
  return: 89.19 ± 19.81
  sustainability: 391.42 ± 61.20
  equality: 0.73 ± 0.04
  peace: 5.58 ± 0.25

Skipping video generation for step 67840000 (Only saved at final step).

============================================================
Running evaluation at step 68480000...
============================================================
Pre-rendering tiles...
Pre-rendered 178 tiles
  return: 73.63 ± 15.99
  sustainability: 319.38 ± 71.21
  equality: 0.72 ± 0.04
  peace: 5.80 ± 0.32

Skipping video generation for step 68480000 (Only saved at final step).

============================================================
Running evaluation at step 69120000...
============================================================
Pre-rendering tiles...
Pre-rendered 178 tiles
  return: 80.98 ± 13.85
  sustainability: 362.58 ± 66.76
  equality: 0.74 ± 0.03
  peace: 5.59 ± 0.12

Skipping video generation for step 69120000 (Only saved at final step).

============================================================
Running evaluation at step 69760000...
============================================================
Pre-rendering tiles...
Pre-rendered 178 tiles
  return: 61.53 ± 12.97
  sustainability: 291.89 ± 78.56
  equality: 0.76 ± 0.06
  peace: 5.91 ± 0.33

Skipping video generation for step 69760000 (Only saved at final step).

============================================================
Running evaluation at step 70400000...
============================================================
Pre-rendering tiles...
Pre-rendered 178 tiles
  return: 86.26 ± 11.78
  sustainability: 366.19 ± 15.03
  equality: 0.74 ± 0.03
  peace: 5.72 ± 0.11

Skipping video generation for step 70400000 (Only saved at final step).

============================================================
Running evaluation at step 71040000...
============================================================
Pre-rendering tiles...
Pre-rendered 178 tiles
  return: 61.93 ± 19.30
  sustainability: 249.15 ± 67.32
  equality: 0.75 ± 0.06
  peace: 6.00 ± 0.14

Skipping video generation for step 71040000 (Only saved at final step).

============================================================
Running evaluation at step 71680000...
============================================================
Pre-rendering tiles...
Pre-rendered 178 tiles
  return: 75.30 ± 20.41
  sustainability: 308.94 ± 98.17
  equality: 0.75 ± 0.02
  peace: 5.90 ± 0.22

Skipping video generation for step 71680000 (Only saved at final step).

============================================================
Running evaluation at step 72320000...
============================================================
Pre-rendering tiles...
Pre-rendered 178 tiles
  return: 78.42 ± 13.66
  sustainability: 342.48 ± 49.60
  equality: 0.73 ± 0.04
  peace: 5.65 ± 0.16

Skipping video generation for step 72320000 (Only saved at final step).

============================================================
Running evaluation at step 72960000...
============================================================
Pre-rendering tiles...
Pre-rendered 178 tiles
  return: 86.55 ± 8.76
  sustainability: 378.85 ± 60.45
  equality: 0.75 ± 0.06
  peace: 5.54 ± 0.15

Skipping video generation for step 72960000 (Only saved at final step).

============================================================
Running evaluation at step 73600000...
============================================================
Pre-rendering tiles...
Pre-rendered 178 tiles
  return: 70.03 ± 11.36
  sustainability: 306.62 ± 60.89
  equality: 0.73 ± 0.04
  peace: 5.98 ± 0.16

Skipping video generation for step 73600000 (Only saved at final step).

============================================================
Running evaluation at step 74240000...
============================================================
Pre-rendering tiles...
Pre-rendered 178 tiles
  return: 79.93 ± 26.15
  sustainability: 350.18 ± 120.51
  equality: 0.75 ± 0.05
  peace: 5.73 ± 0.38

Skipping video generation for step 74240000 (Only saved at final step).

============================================================
Running evaluation at step 74880000...
============================================================
Pre-rendering tiles...
Pre-rendered 178 tiles
  return: 80.07 ± 12.02
  sustainability: 345.69 ± 43.22
  equality: 0.75 ± 0.03
  peace: 5.75 ± 0.15

Skipping video generation for step 74880000 (Only saved at final step).

============================================================
Running evaluation at step 75520000...
============================================================
Pre-rendering tiles...
Pre-rendered 178 tiles
  return: 80.67 ± 17.59
  sustainability: 338.02 ± 67.28
  equality: 0.71 ± 0.03
  peace: 5.64 ± 0.26

Skipping video generation for step 75520000 (Only saved at final step).

============================================================
Running evaluation at step 76160000...
============================================================
Pre-rendering tiles...
Pre-rendered 178 tiles
  return: 88.21 ± 13.40
  sustainability: 363.69 ± 40.63
  equality: 0.72 ± 0.04
  peace: 5.70 ± 0.11

Skipping video generation for step 76160000 (Only saved at final step).

============================================================
Running evaluation at step 76800000...
============================================================
Pre-rendering tiles...
Pre-rendered 178 tiles
  return: 79.87 ± 29.37
  sustainability: 330.01 ± 125.67
  equality: 0.73 ± 0.02
  peace: 5.72 ± 0.36

Skipping video generation for step 76800000 (Only saved at final step).

============================================================
Running evaluation at step 77440000...
============================================================
Pre-rendering tiles...
Pre-rendered 178 tiles
  return: 65.48 ± 17.26
  sustainability: 301.38 ± 68.78
  equality: 0.74 ± 0.07
  peace: 5.91 ± 0.13

Skipping video generation for step 77440000 (Only saved at final step).

============================================================
Running evaluation at step 78080000...
============================================================
Pre-rendering tiles...
Pre-rendered 178 tiles
  return: 86.42 ± 16.18
  sustainability: 350.47 ± 60.92
  equality: 0.73 ± 0.03
  peace: 5.75 ± 0.32

Skipping video generation for step 78080000 (Only saved at final step).

============================================================
Running evaluation at step 78720000...
============================================================
Pre-rendering tiles...
Pre-rendered 178 tiles
  return: 73.29 ± 21.45
  sustainability: 307.89 ± 74.53
  equality: 0.69 ± 0.02
  peace: 5.81 ± 0.21

Skipping video generation for step 78720000 (Only saved at final step).

============================================================
Running evaluation at step 79360000...
============================================================
Pre-rendering tiles...
Pre-rendered 178 tiles
  return: 87.33 ± 28.00
  sustainability: 371.27 ± 83.35
  equality: 0.75 ± 0.03
  peace: 5.64 ± 0.19

Skipping video generation for step 79360000 (Only saved at final step).

============================================================
Running evaluation at step 80000000...
============================================================
Pre-rendering tiles...
Pre-rendered 178 tiles
  return: 95.30 ± 14.97
  sustainability: 393.24 ± 38.74
  equality: 0.74 ± 0.03
  peace: 5.59 ± 0.17

Skipping video generation for step 80000000 (Only saved at final step).

============================================================
Running evaluation at step 80640000...
============================================================
Pre-rendering tiles...
Pre-rendered 178 tiles
  return: 81.76 ± 27.12
  sustainability: 355.52 ± 124.95
  equality: 0.72 ± 0.05
  peace: 5.76 ± 0.32

Skipping video generation for step 80640000 (Only saved at final step).

============================================================
Running evaluation at step 81280000...
============================================================
Pre-rendering tiles...
Pre-rendered 178 tiles
  return: 89.60 ± 22.35
  sustainability: 382.68 ± 59.14
  equality: 0.72 ± 0.03
  peace: 5.62 ± 0.24

Skipping video generation for step 81280000 (Only saved at final step).

============================================================
Running evaluation at step 81920000...
============================================================
Pre-rendering tiles...
Pre-rendered 178 tiles
  return: 90.56 ± 19.98
  sustainability: 393.89 ± 92.37
  equality: 0.76 ± 0.03
  peace: 5.68 ± 0.31

Skipping video generation for step 81920000 (Only saved at final step).

============================================================
Running evaluation at step 82560000...
============================================================
Pre-rendering tiles...
Pre-rendered 178 tiles
  return: 66.07 ± 15.56
  sustainability: 255.15 ± 59.40
  equality: 0.67 ± 0.04
  peace: 5.88 ± 0.29

Skipping video generation for step 82560000 (Only saved at final step).

============================================================
Running evaluation at step 83200000...
============================================================
Pre-rendering tiles...
Pre-rendered 178 tiles
  return: 78.14 ± 6.94
  sustainability: 340.31 ± 46.11
  equality: 0.75 ± 0.05
  peace: 5.70 ± 0.14

Skipping video generation for step 83200000 (Only saved at final step).

============================================================
Running evaluation at step 83840000...
============================================================
Pre-rendering tiles...
Pre-rendered 178 tiles
  return: 73.65 ± 13.67
  sustainability: 328.31 ± 46.30
  equality: 0.77 ± 0.03
  peace: 5.80 ± 0.16

Skipping video generation for step 83840000 (Only saved at final step).

============================================================
Running evaluation at step 84480000...
============================================================
Pre-rendering tiles...
Pre-rendered 178 tiles
  return: 72.74 ± 28.35
  sustainability: 304.68 ± 111.03
  equality: 0.69 ± 0.04
  peace: 5.84 ± 0.32

Skipping video generation for step 84480000 (Only saved at final step).

============================================================
Running evaluation at step 85120000...
============================================================
Pre-rendering tiles...
Pre-rendered 178 tiles
  return: 83.41 ± 10.98
  sustainability: 343.61 ± 36.54
  equality: 0.72 ± 0.04
  peace: 5.72 ± 0.09

Skipping video generation for step 85120000 (Only saved at final step).

============================================================
Running evaluation at step 85760000...
============================================================
Pre-rendering tiles...
Pre-rendered 178 tiles
  return: 77.69 ± 25.88
  sustainability: 309.83 ± 90.80
  equality: 0.74 ± 0.03
  peace: 5.79 ± 0.42

Skipping video generation for step 85760000 (Only saved at final step).

============================================================
Running evaluation at step 86400000...
============================================================
Pre-rendering tiles...
Pre-rendered 178 tiles
  return: 86.28 ± 16.76
  sustainability: 379.88 ± 53.76
  equality: 0.76 ± 0.04
  peace: 5.72 ± 0.24

Skipping video generation for step 86400000 (Only saved at final step).

============================================================
Running evaluation at step 87040000...
============================================================
Pre-rendering tiles...
Pre-rendered 178 tiles
  return: 64.96 ± 18.46
  sustainability: 304.72 ± 81.37
  equality: 0.76 ± 0.06
  peace: 5.84 ± 0.25

Skipping video generation for step 87040000 (Only saved at final step).

============================================================
Running evaluation at step 87680000...
============================================================
Pre-rendering tiles...
Pre-rendered 178 tiles
  return: 79.36 ± 21.44
  sustainability: 356.03 ± 84.97
  equality: 0.73 ± 0.04
  peace: 5.81 ± 0.32

Skipping video generation for step 87680000 (Only saved at final step).

============================================================
Running evaluation at step 88320000...
============================================================
Pre-rendering tiles...
Pre-rendered 178 tiles
  return: 89.67 ± 13.84
  sustainability: 394.73 ± 34.82
  equality: 0.76 ± 0.05
  peace: 5.50 ± 0.13

Skipping video generation for step 88320000 (Only saved at final step).

============================================================
Running evaluation at step 88960000...
============================================================
Pre-rendering tiles...
Pre-rendered 178 tiles
  return: 93.56 ± 23.81
  sustainability: 390.07 ± 79.23
  equality: 0.73 ± 0.03
  peace: 5.59 ± 0.25

Skipping video generation for step 88960000 (Only saved at final step).

============================================================
Running evaluation at step 89600000...
============================================================
Pre-rendering tiles...
Pre-rendered 178 tiles
  return: 83.29 ± 18.20
  sustainability: 357.89 ± 71.78
  equality: 0.74 ± 0.04
  peace: 5.71 ± 0.21

Skipping video generation for step 89600000 (Only saved at final step).

============================================================
Running evaluation at step 90240000...
============================================================
Pre-rendering tiles...
Pre-rendered 178 tiles
  return: 80.30 ± 18.27
  sustainability: 378.26 ± 70.01
  equality: 0.75 ± 0.04
  peace: 5.58 ± 0.27

Skipping video generation for step 90240000 (Only saved at final step).

============================================================
Running evaluation at step 90880000...
============================================================
Pre-rendering tiles...
Pre-rendered 178 tiles
  return: 74.33 ± 15.57
  sustainability: 359.92 ± 76.37
  equality: 0.73 ± 0.07
  peace: 5.72 ± 0.16

Skipping video generation for step 90880000 (Only saved at final step).

============================================================
Running evaluation at step 91520000...
============================================================
Pre-rendering tiles...
Pre-rendered 178 tiles
  return: 84.46 ± 16.12
  sustainability: 365.14 ± 70.09
  equality: 0.71 ± 0.07
  peace: 5.74 ± 0.20

Skipping video generation for step 91520000 (Only saved at final step).

============================================================
Running evaluation at step 92160000...
============================================================
Pre-rendering tiles...
Pre-rendered 178 tiles
  return: 90.53 ± 16.11
  sustainability: 393.11 ± 75.06
  equality: 0.73 ± 0.04
  peace: 5.62 ± 0.21

Skipping video generation for step 92160000 (Only saved at final step).

============================================================
Running evaluation at step 92800000...
============================================================
Pre-rendering tiles...
Pre-rendered 178 tiles
  return: 76.18 ± 16.52
  sustainability: 332.75 ± 54.87
  equality: 0.74 ± 0.03
  peace: 5.81 ± 0.22

Skipping video generation for step 92800000 (Only saved at final step).

============================================================
Running evaluation at step 93440000...
============================================================
Pre-rendering tiles...
Pre-rendered 178 tiles
  return: 75.30 ± 18.18
  sustainability: 311.94 ± 78.42
  equality: 0.72 ± 0.03
  peace: 5.75 ± 0.25

Skipping video generation for step 93440000 (Only saved at final step).
/home/rlteam/miniconda3/envs/SocialJax/lib/python3.10/subprocess.py:1796: RuntimeWarning: os.fork() was called. os.fork() is incompatible with multithreaded code, and JAX is multithreaded, so this will likely lead to a deadlock.
  self.pid = _posixsubprocess.fork_exec(
wandb:                                                                                
wandb: 
wandb: Run history:
wandb:            actions_taken ▁▅▅▆▅▆▆▆▇▆▆█▇▇▇▆▇▅▆▆▆▆▇▆▆▆▆▆▆▆▅▆▇▆▆▆▅▆▆▆
wandb:             agent_freeze ▁▁▁▃▁▁▁▁▂▂▄▃▅▆▅▄▅▅▆▅▄▆▅▄▇▅█▄▅▆▆▇▆▇▆▇▇▅▇▆
wandb:               agent_locs █▆▅▅▅▆▅▅▅▅▄▆▄▄▅▄▄▃▃▃▃▃▃▃▃▃▃▃▃▃▂▂▃▃▂▃▃▂▂▁
wandb:              apple_count █▆▆▅▄▃▂▂▂▂▁▂▂▁▁▂▂▂▂▃▂▂▂▂▂▂▃▃▃▃▃▂▃▃▃▃▂▂▂▂
wandb:         apples_collected ▁██▇▆▆▆▆▄▅▄▅▅▄▄▄▅▆▅▆▅▅▅▆▆▆▅▆▆▆▅▆▆▆▆▆▆▆▆▆
wandb:                 env_step ▁▁▁▂▂▂▂▂▂▂▃▃▃▃▄▄▄▄▄▄▅▅▅▅▅▆▆▆▆▆▆▆▇▇▇▇▇███
wandb:       eval/equality_mean ▄▄▃▁▄▄▅▃▁▃▆▅▇▆▄▄▆▄▂█▃▅▅▆▅▅▄▅▃▂▄▅▆▅▃▂▄▄▄▅
wandb:          eval/peace_mean █▇▇▇████▆▇▄▆▄▄▄▅▄▅▄▂▂▄▃▃▁▃▁▄▂▂▃▁▂▂▃▂▂▃▂▃
wandb:         eval/return_mean ▄█▇▇█▄▄▅▂▂▁▂▂▂▄▅▃▃▄▃▄▅▂▃▃▄▄▄▅▄▅▅▅▆▄▅▄▃▅▅
wandb:                eval/step ▁▁▁▁▂▂▂▂▂▂▃▃▃▃▃▄▄▄▅▅▅▅▅▅▆▆▆▆▆▆▇▇▇▇▇█████
wandb: eval/sustainability_mean ██▇▂▄▂▂▂▃▂▄▄▂▃▄▂▁▂▃▄▄▃▃▅▄▅▄▂▁▅▃▄▁▄▅▅▄▄▃▄
wandb:     group_shared_rewards ▁█▅▅▅▄▄▅▅▅▆▅▆▆▆▆▆▅▅▆▅▆▅▆▅▅▆▆▆▆▇▆▆▇▆▆▆▆▆▆
wandb:                     loss ▂▃▅▄▃▂▂▁▃▃▄▆▆▅██▅▅▆▇▇▆▇▆██▅▇██▆██▇▆▇▆▇▇▇
wandb:         original_rewards ▇█▆▄▃▃▂▁▃▃▄▄▃▄▄▄▄▄▂▄▅▄▄▄▄▅▅▄▅▅▅▄▅▅▄▄▄▅▄▅
wandb:         returned_episode ▁▁▁▁▁▁▁▁▁▁▁▁▁▁▁▁▁▁▁▁▁▁▁▁▁▁▁▁▁▁▁▁▁▁▁▁▁▁▁▁
wandb: returned_episode_lengths ▁▁▁▁▁▁▁▁▁▁▁▁▁▁▁▁▁▁▁▁▁▁▁▁▁▁▁▁▁▁▁▁▁▁▁▁▁▁▁▁
wandb: returned_episode_returns █▄▅▄▄▃▂▄▂▁▂▂▂▁▂▂▃▄▃▃▆▄▃▄▄▄▄▅▄▄▄▄▅▅▄▃▄▅▄▅
wandb:              update_step ▁▁▁▁▁▂▂▂▂▂▃▃▃▄▄▄▄▄▄▄▅▅▅▅▅▅▆▆▆▆▆▆▇▇▇▇▇▇▇█
wandb: 
wandb: Run summary:
wandb:            actions_taken 2.43403
wandb:             agent_freeze 5.07747
wandb:               agent_locs -1.91336
wandb:              apple_count 34.73688
wandb:         apples_collected 0.10047
wandb:                 env_step 100000000
wandb:       eval/equality_mean 0.74471
wandb:          eval/peace_mean 5.82843
wandb:         eval/return_mean 84.09
wandb:                eval/step 99840000
wandb: eval/sustainability_mean 340.88148
wandb:     group_shared_rewards 0.05023
wandb:                     loss 0.33776
wandb:         original_rewards 0.10047
wandb:         returned_episode 0.001
wandb: returned_episode_lengths 1000.00006
wandb: returned_episode_returns 51.15532
wandb:              update_step 3125
wandb: 
wandb: You can sync this run to the cloud by running:
wandb: wandb sync /home/rlteam/Desktop/SocialJax/wandb/offline-run-20260226_115607-utplh69m
wandb: Find logs at: ./wandb/offline-run-20260226_115607-utplh69m/logs

============================================================
Running evaluation at step 94080000...
============================================================
Pre-rendering tiles...
Pre-rendered 178 tiles
  return: 79.32 ± 23.40
  sustainability: 348.42 ± 111.65
  equality: 0.73 ± 0.02
  peace: 5.70 ± 0.33

Skipping video generation for step 94080000 (Only saved at final step).

============================================================
Running evaluation at step 94720000...
============================================================
Pre-rendering tiles...
Pre-rendered 178 tiles
  return: 92.56 ± 12.86
  sustainability: 389.74 ± 36.15
  equality: 0.74 ± 0.03
  peace: 5.65 ± 0.12

Skipping video generation for step 94720000 (Only saved at final step).

============================================================
Running evaluation at step 95360000...
============================================================
Pre-rendering tiles...
Pre-rendered 178 tiles
  return: 96.08 ± 14.18
  sustainability: 415.70 ± 37.86
  equality: 0.75 ± 0.03
  peace: 5.50 ± 0.16

Skipping video generation for step 95360000 (Only saved at final step).

============================================================
Running evaluation at step 96000000...
============================================================
Pre-rendering tiles...
Pre-rendered 178 tiles
  return: 72.73 ± 14.87
  sustainability: 333.90 ± 58.01
  equality: 0.74 ± 0.06
  peace: 5.73 ± 0.08

Skipping video generation for step 96000000 (Only saved at final step).

============================================================
Running evaluation at step 96640000...
============================================================
Pre-rendering tiles...
Pre-rendered 178 tiles
  return: 72.30 ± 6.84
  sustainability: 315.87 ± 45.00
  equality: 0.75 ± 0.07
  peace: 5.91 ± 0.12

Skipping video generation for step 96640000 (Only saved at final step).

============================================================
Running evaluation at step 97280000...
============================================================
Pre-rendering tiles...
Pre-rendered 178 tiles
  return: 67.27 ± 16.35
  sustainability: 297.81 ± 80.22
  equality: 0.72 ± 0.03
  peace: 5.97 ± 0.16

Skipping video generation for step 97280000 (Only saved at final step).

============================================================
Running evaluation at step 97920000...
============================================================
Pre-rendering tiles...
Pre-rendered 178 tiles
  return: 81.55 ± 16.35
  sustainability: 318.77 ± 74.53
  equality: 0.74 ± 0.03
  peace: 5.85 ± 0.15

Skipping video generation for step 97920000 (Only saved at final step).

============================================================
Running evaluation at step 98560000...
============================================================
Pre-rendering tiles...
Pre-rendered 178 tiles
  return: 81.35 ± 17.31
  sustainability: 355.12 ± 74.29
  equality: 0.75 ± 0.03
  peace: 5.64 ± 0.29

Skipping video generation for step 98560000 (Only saved at final step).

============================================================
Running evaluation at step 99200000...
============================================================
Pre-rendering tiles...
Pre-rendered 178 tiles
  return: 60.10 ± 8.56
  sustainability: 250.78 ± 49.51
  equality: 0.72 ± 0.03
  peace: 6.14 ± 0.23

Skipping video generation for step 99200000 (Only saved at final step).

============================================================
Running evaluation at step 99840000...
============================================================
Pre-rendering tiles...
Pre-rendered 178 tiles
  return: 84.09 ± 25.97
  sustainability: 340.88 ± 95.43
  equality: 0.74 ± 0.01
  peace: 5.83 ± 0.32

Skipping video generation for step 99840000 (Only saved at final step).

** Saving Results **
Pre-rendering tiles...
Pre-rendered 178 tiles
Saving Episode MP4
Logging MP4 to WandB
⚠ No evaluation results found
